#
# There is insufficient memory for the Java Runtime Environment to continue.
# Native memory allocation (mmap) failed to map 12582912 bytes for G1 virtual space
# Possible reasons:
#   The system is out of physical RAM or swap space
#   The process is running with CompressedOops enabled, and the Java Heap may be blocking the growth of the native heap
# Possible solutions:
#   Reduce memory load on the system
#   Increase physical memory or swap space
#   Check if swap backing store is full
#   Decrease Java heap size (-Xmx/-Xms)
#   Decrease number of Java threads
#   Decrease Java thread stack sizes (-Xss)
#   Set larger code cache with -XX:ReservedCodeCacheSize=
#   JVM is running with Unscaled Compressed Oops mode in which the Java heap is
#     placed in the first 4GB address space. The Java Heap base address is the
#     maximum limit for the native heap growth. Please use -XX:HeapBaseMinAddress
#     to set the Java Heap base and to place the Java Heap above 4GB virtual address.
# This output file may be truncated or incomplete.
#
#  Out of Memory Error (os_windows.cpp:3466), pid=16576, tid=38592
#
# JRE version: OpenJDK Runtime Environment (16.0+36) (build 16+36-2231)
# Java VM: OpenJDK 64-Bit Server VM (16+36-2231, mixed mode, sharing, tiered, compressed oops, g1 gc, windows-amd64)
# No core dump will be written. Minidumps are not enabled by default on client versions of Windows
#

---------------  S U M M A R Y ------------

Command Line: -XX:TieredStopAtLevel=1 -Xverify:none -Dspring.output.ansi.enabled=always -javaagent:C:\Users\owner\Desktop\תכנות אינטרנט ב\IntelliJ IDEA 2020.3.2\lib\idea_rt.jar=63781:C:\Users\owner\Desktop\תכנות אינטרנט ב\IntelliJ IDEA 2020.3.2\bin -Dcom.sun.management.jmxremote -Dspring.jmx.enabled=true -Dspring.liveBeansView.mbeanDomain -Dspring.application.admin.enabled=true -Dfile.encoding=UTF-8 main.Application

Host: Intel(R) Core(TM) i7-8565U CPU @ 1.80GHz, 8 cores, 7G,  Windows 10 , 64 bit Build 19041 (10.0.19041.1023)
Time: Tue Aug 10 11:25:22 2021 Jיrusalem (heure dit Build 19041 (10.0.19041.1023) elapsed time: 287.468089 seconds (0d 0h 4m 47s)

---------------  T H R E A D  ---------------

Current thread (0x000002bff0b808b0):  VMThread "VM Thread" [stack: 0x000000d992600000,0x000000d992700000] [id=38592]

Stack: [0x000000d992600000,0x000000d992700000]
Native frames: (J=compiled Java code, j=interpreted, Vv=VM code, C=native code)
V  [jvm.dll+0x6681da]
V  [jvm.dll+0x7c9d99]
V  [jvm.dll+0x7cb4d3]
V  [jvm.dll+0x7cbb33]
V  [jvm.dll+0x242ee5]
V  [jvm.dll+0x664f99]
V  [jvm.dll+0x659b85]
V  [jvm.dll+0x2fbfcb]
V  [jvm.dll+0x3031c6]
V  [jvm.dll+0x352a0e]
V  [jvm.dll+0x352c3f]
V  [jvm.dll+0x2d3038]
V  [jvm.dll+0x2d0bc5]
V  [jvm.dll+0x2d01fc]
V  [jvm.dll+0x3152e2]
V  [jvm.dll+0x7cff2b]
V  [jvm.dll+0x7d0c24]
V  [jvm.dll+0x7d1129]
V  [jvm.dll+0x7d13e4]
V  [jvm.dll+0x7d14b0]
V  [jvm.dll+0x77952a]
V  [jvm.dll+0x667076]
C  [ucrtbase.dll+0x21bb2]
C  [KERNEL32.DLL+0x17034]
C  [ntdll.dll+0x52651]

VM_Operation (0x000000d994cfbd60): G1CollectForAllocation, mode: safepoint, requested by thread 0x000002bff3887ae0


---------------  P R O C E S S  ---------------

Threads class SMR info:
_java_thread_list=0x000002bff583f100, length=33, elements={
0x000002bff0b876a0, 0x000002bff0b8a2b0, 0x000002bff0b9e020, 0x000002bff0b9eb30,
0x000002bff0ba1550, 0x000002bff0ba3e70, 0x000002bff0ba4830, 0x000002bff0ba5180,
0x000002bff0b65460, 0x000002bff1962f30, 0x000002bff1963450, 0x000002bff1af7360,
0x000002bff1facb00, 0x000002bff36438a0, 0x000002bff3698a40, 0x000002bff36c2470,
0x000002bff36f4120, 0x000002bff36e7c30, 0x000002bff36e6c40, 0x000002bff36e7190,
0x000002bff36e76e0, 0x000002bff388b000, 0x000002bff38855b0, 0x000002bff388c540,
0x000002bff3887ae0, 0x000002bff388baa0, 0x000002bff388a560, 0x000002bff3886050,
0x000002bff388bff0, 0x000002bff3887040, 0x000002bff388ca90, 0x000002bff3888ad0,
0x000002bff3889020
}

Java Threads: ( => current thread )
  0x000002bff0b876a0 JavaThread "Reference Handler" daemon [_thread_blocked, id=5904, stack(0x000000d992700000,0x000000d992800000)]
  0x000002bff0b8a2b0 JavaThread "Finalizer" daemon [_thread_blocked, id=35868, stack(0x000000d992800000,0x000000d992900000)]
  0x000002bff0b9e020 JavaThread "Signal Dispatcher" daemon [_thread_blocked, id=88, stack(0x000000d992900000,0x000000d992a00000)]
  0x000002bff0b9eb30 JavaThread "Attach Listener" daemon [_thread_blocked, id=38240, stack(0x000000d992a00000,0x000000d992b00000)]
  0x000002bff0ba1550 JavaThread "Service Thread" daemon [_thread_blocked, id=40452, stack(0x000000d992b00000,0x000000d992c00000)]
  0x000002bff0ba3e70 JavaThread "Monitor Deflation Thread" daemon [_thread_blocked, id=26476, stack(0x000000d992c00000,0x000000d992d00000)]
  0x000002bff0ba4830 JavaThread "C1 CompilerThread0" daemon [_thread_blocked, id=36132, stack(0x000000d992d00000,0x000000d992e00000)]
  0x000002bff0ba5180 JavaThread "Sweeper thread" daemon [_thread_blocked, id=25552, stack(0x000000d992e00000,0x000000d992f00000)]
  0x000002bff0b65460 JavaThread "Common-Cleaner" daemon [_thread_blocked, id=19816, stack(0x000000d992f00000,0x000000d993000000)]
  0x000002bff1962f30 JavaThread "Monitor Ctrl-Break" daemon [_thread_in_native, id=38736, stack(0x000000d993000000,0x000000d993100000)]
  0x000002bff1963450 JavaThread "Notification Thread" daemon [_thread_blocked, id=12984, stack(0x000000d993100000,0x000000d993200000)]
  0x000002bff1af7360 JavaThread "RMI TCP Accept-0" daemon [_thread_in_native, id=26864, stack(0x000000d993200000,0x000000d993300000)]
  0x000002bff1facb00 JavaThread "RMI Scheduler(0)" daemon [_thread_blocked, id=6796, stack(0x000000d993e00000,0x000000d993f00000)]
  0x000002bff36438a0 JavaThread "Catalina-utility-1" [_thread_blocked, id=3020, stack(0x000000d993f00000,0x000000d994000000)]
  0x000002bff3698a40 JavaThread "Catalina-utility-2" [_thread_blocked, id=23980, stack(0x000000d994100000,0x000000d994200000)]
  0x000002bff36c2470 JavaThread "container-0" [_thread_blocked, id=22360, stack(0x000000d994000000,0x000000d994100000)]
  0x000002bff36f4120 JavaThread "mysql-cj-abandoned-connection-cleanup" daemon [_thread_blocked, id=5260, stack(0x000000d994200000,0x000000d994300000)]
  0x000002bff36e7c30 JavaThread "HikariPool-1 housekeeper" daemon [_thread_blocked, id=40912, stack(0x000000d994400000,0x000000d994500000)]
  0x000002bff36e6c40 JavaThread "http-nio-8080-BlockPoller" daemon [_thread_in_native, id=7896, stack(0x000000d994600000,0x000000d994700000)]
  0x000002bff36e7190 JavaThread "http-nio-8080-exec-1" daemon [_thread_blocked, id=13964, stack(0x000000d994700000,0x000000d994800000)]
  0x000002bff36e76e0 JavaThread "http-nio-8080-exec-2" daemon [_thread_blocked, id=23504, stack(0x000000d994800000,0x000000d994900000)]
  0x000002bff388b000 JavaThread "http-nio-8080-exec-3" daemon [_thread_blocked, id=27180, stack(0x000000d994900000,0x000000d994a00000)]
  0x000002bff38855b0 JavaThread "http-nio-8080-exec-4" daemon [_thread_blocked, id=17068, stack(0x000000d994a00000,0x000000d994b00000)]
  0x000002bff388c540 JavaThread "http-nio-8080-exec-5" daemon [_thread_blocked, id=40800, stack(0x000000d994b00000,0x000000d994c00000)]
  0x000002bff3887ae0 JavaThread "http-nio-8080-exec-6" daemon [_thread_blocked, id=11296, stack(0x000000d994c00000,0x000000d994d00000)]
  0x000002bff388baa0 JavaThread "http-nio-8080-exec-7" daemon [_thread_blocked, id=14848, stack(0x000000d994d00000,0x000000d994e00000)]
  0x000002bff388a560 JavaThread "http-nio-8080-exec-8" daemon [_thread_blocked, id=13776, stack(0x000000d994e00000,0x000000d994f00000)]
  0x000002bff3886050 JavaThread "http-nio-8080-exec-9" daemon [_thread_blocked, id=9860, stack(0x000000d994f00000,0x000000d995000000)]
  0x000002bff388bff0 JavaThread "http-nio-8080-exec-10" daemon [_thread_blocked, id=23188, stack(0x000000d995000000,0x000000d995100000)]
  0x000002bff3887040 JavaThread "http-nio-8080-ClientPoller" daemon [_thread_in_native, id=25100, stack(0x000000d995100000,0x000000d995200000)]
  0x000002bff388ca90 JavaThread "http-nio-8080-Acceptor" daemon [_thread_in_native, id=32684, stack(0x000000d995200000,0x000000d995300000)]
  0x000002bff3888ad0 JavaThread "DestroyJavaVM" [_thread_blocked, id=17760, stack(0x000000d992000000,0x000000d992100000)]
  0x000002bff3889020 JavaThread "Java2D Disposer" daemon [_thread_blocked, id=32708, stack(0x000000d991e00000,0x000000d991f00000)]

Other Threads:
=>0x000002bff0b808b0 VMThread "VM Thread" [stack: 0x000000d992600000,0x000000d992700000] [id=38592]
  0x000002bff1af93a0 WatcherThread [stack: 0x000000d993300000,0x000000d993400000] [id=25296]
  0x000002bfd2c07ed0 GCTaskThread "GC Thread#0" [stack: 0x000000d992100000,0x000000d992200000] [id=6664]
  0x000002bff1e25020 GCTaskThread "GC Thread#1" [stack: 0x000000d993400000,0x000000d993500000] [id=37732]
  0x000002bff1e25330 GCTaskThread "GC Thread#2" [stack: 0x000000d993500000,0x000000d993600000] [id=30032]
  0x000002bff1e25ae0 GCTaskThread "GC Thread#3" [stack: 0x000000d993600000,0x000000d993700000] [id=8824]
  0x000002bff1e5a820 GCTaskThread "GC Thread#4" [stack: 0x000000d993700000,0x000000d993800000] [id=33744]
  0x000002bff1e5ab30 GCTaskThread "GC Thread#5" [stack: 0x000000d993800000,0x000000d993900000] [id=34768]
  0x000002bff1db9fe0 GCTaskThread "GC Thread#6" [stack: 0x000000d993900000,0x000000d993a00000] [id=41900]
  0x000002bff1dba2f0 GCTaskThread "GC Thread#7" [stack: 0x000000d993a00000,0x000000d993b00000] [id=16256]
  0x000002bfd2c18b90 ConcurrentGCThread "G1 Main Marker" [stack: 0x000000d992200000,0x000000d992300000] [id=42836]
  0x000002bfd2c1adb0 ConcurrentGCThread "G1 Conc#0" [stack: 0x000000d992300000,0x000000d992400000] [id=10728]
  0x000002bff33b4dc0 ConcurrentGCThread "G1 Conc#1" [stack: 0x000000d993d00000,0x000000d993e00000] [id=15656]
  0x000002bff0a324c0 ConcurrentGCThread "G1 Refine#0" [stack: 0x000000d992400000,0x000000d992500000] [id=30372]
  0x000002bff1e25640 ConcurrentGCThread "G1 Refine#1" [stack: 0x000000d993b00000,0x000000d993c00000] [id=14948]
  0x000002bfd2c9d680 ConcurrentGCThread "G1 Service" [stack: 0x000000d992500000,0x000000d992600000] [id=34044]

Threads with active compile tasks:

VM state: at safepoint (normal execution)

VM Mutex/Monitor currently owned by a thread:  ([mutex/lock_event])
[0x000002bfd2bc2980] Threads_lock - owner thread: 0x000002bff0b808b0
[0x000002bfd2bc4870] Heap_lock - owner thread: 0x000002bff3887ae0

Heap address: 0x0000000081c00000, size: 2020 MB, Compressed Oops mode: 32-bit
CDS archive(s) mapped at: [0x0000000800000000-0x0000000800bb0000-0x0000000800bb0000), size 12255232, SharedBaseAddress: 0x0000000800000000, ArchiveRelocationMode: 0.
Compressed class space mapped at: 0x0000000800c00000-0x0000000840c00000, reserved size: 1073741824
Narrow klass base: 0x0000000800000000, Narrow klass shift: 3, Narrow klass range: 0x100000000

GC Precious Log:
 CPUs: 8 total, 8 available
 Memory: 8072M
 Large Page Support: Disabled
 NUMA Support: Disabled
 Compressed Oops: Enabled (32-bit)
 Heap Region Size: 1M
 Heap Min Capacity: 8M
 Heap Initial Capacity: 128M
 Heap Max Capacity: 2020M
 Pre-touch: Disabled
 Parallel Workers: 8
 Concurrent Workers: 2
 Concurrent Refinement Workers: 8
 Periodic GC: Disabled

Heap:
 garbage-first heap   total 131072K, used 63875K [0x0000000081c00000, 0x0000000100000000)
  region size 1024K, 1 young (1024K), 1 survivors (1024K)
 Metaspace       used 56557K, committed 56960K, reserved 1097728K
  class space    used 7778K, committed 8000K, reserved 1048576K

Heap Regions: E=young(eden), S=young(survivor), O=old, HS=humongous(starts), HC=humongous(continues), CS=collection set, F=free, OA=open archive, CA=closed archive, TAMS=top-at-mark-start (previous, next)
|   0|0x0000000081c00000, 0x0000000081d00000, 0x0000000081d00000|100%|HS|  |TAMS 0x0000000081d00000, 0x0000000081d00000| Complete 
|   1|0x0000000081d00000, 0x0000000081e00000, 0x0000000081e00000|100%| O|  |TAMS 0x0000000081e00000, 0x0000000081e00000| Untracked 
|   2|0x0000000081e00000, 0x0000000081f00000, 0x0000000081f00000|100%| O|  |TAMS 0x0000000081f00000, 0x0000000081f00000| Untracked 
|   3|0x0000000081f00000, 0x0000000082000000, 0x0000000082000000|100%| O|  |TAMS 0x0000000082000000, 0x0000000082000000| Untracked 
|   4|0x0000000082000000, 0x0000000082100000, 0x0000000082100000|100%| O|  |TAMS 0x0000000082100000, 0x0000000082100000| Untracked 
|   5|0x0000000082100000, 0x0000000082200000, 0x0000000082200000|100%| O|  |TAMS 0x0000000082200000, 0x0000000082200000| Untracked 
|   6|0x0000000082200000, 0x0000000082300000, 0x0000000082300000|100%| O|  |TAMS 0x0000000082300000, 0x0000000082300000| Untracked 
|   7|0x0000000082300000, 0x0000000082374e00, 0x0000000082400000| 45%| O|  |TAMS 0x0000000082374e00, 0x0000000082374e00| Untracked 
|   8|0x0000000082400000, 0x0000000082500000, 0x0000000082500000|100%| O|  |TAMS 0x0000000082500000, 0x0000000082500000| Untracked 
|   9|0x0000000082500000, 0x0000000082600000, 0x0000000082600000|100%| O|  |TAMS 0x0000000082600000, 0x0000000082600000| Untracked 
|  10|0x0000000082600000, 0x0000000082700000, 0x0000000082700000|100%| O|  |TAMS 0x0000000082700000, 0x0000000082700000| Untracked 
|  11|0x0000000082700000, 0x0000000082800000, 0x0000000082800000|100%| O|  |TAMS 0x0000000082800000, 0x0000000082800000| Untracked 
|  12|0x0000000082800000, 0x0000000082900000, 0x0000000082900000|100%| O|  |TAMS 0x0000000082900000, 0x0000000082900000| Untracked 
|  13|0x0000000082900000, 0x0000000082a00000, 0x0000000082a00000|100%| O|  |TAMS 0x0000000082a00000, 0x0000000082a00000| Untracked 
|  14|0x0000000082a00000, 0x0000000082b00000, 0x0000000082b00000|100%| O|  |TAMS 0x0000000082b00000, 0x0000000082b00000| Untracked 
|  15|0x0000000082b00000, 0x0000000082c00000, 0x0000000082c00000|100%| O|  |TAMS 0x0000000082b41600, 0x0000000082c00000| Untracked 
|  16|0x0000000082c00000, 0x0000000082d00000, 0x0000000082d00000|100%| O|  |TAMS 0x0000000082c00000, 0x0000000082d00000| Untracked 
|  17|0x0000000082d00000, 0x0000000082e00000, 0x0000000082e00000|100%| O|  |TAMS 0x0000000082d00000, 0x0000000082e00000| Untracked 
|  18|0x0000000082e00000, 0x0000000082f00000, 0x0000000082f00000|100%| O|  |TAMS 0x0000000082e00000, 0x0000000082f00000| Untracked 
|  19|0x0000000082f00000, 0x0000000083000000, 0x0000000083000000|100%| O|  |TAMS 0x0000000082f00000, 0x0000000083000000| Untracked 
|  20|0x0000000083000000, 0x0000000083100000, 0x0000000083100000|100%| O|  |TAMS 0x0000000083000000, 0x0000000083100000| Untracked 
|  21|0x0000000083100000, 0x0000000083200000, 0x0000000083200000|100%| O|  |TAMS 0x0000000083100000, 0x0000000083200000| Untracked 
|  22|0x0000000083200000, 0x0000000083300000, 0x0000000083300000|100%| O|  |TAMS 0x0000000083200000, 0x0000000083300000| Untracked 
|  23|0x0000000083300000, 0x0000000083400000, 0x0000000083400000|100%| O|  |TAMS 0x0000000083300000, 0x0000000083400000| Untracked 
|  24|0x0000000083400000, 0x0000000083500000, 0x0000000083500000|100%| O|  |TAMS 0x0000000083400000, 0x0000000083500000| Untracked 
|  25|0x0000000083500000, 0x0000000083600000, 0x0000000083600000|100%| O|  |TAMS 0x0000000083500000, 0x0000000083600000| Untracked 
|  26|0x0000000083600000, 0x0000000083700000, 0x0000000083700000|100%| O|  |TAMS 0x0000000083600000, 0x0000000083700000| Untracked 
|  27|0x0000000083700000, 0x0000000083800000, 0x0000000083800000|100%| O|  |TAMS 0x0000000083700000, 0x0000000083800000| Untracked 
|  28|0x0000000083800000, 0x0000000083900000, 0x0000000083900000|100%| O|  |TAMS 0x0000000083800000, 0x000000008384f600| Untracked 
|  29|0x0000000083900000, 0x0000000083a00000, 0x0000000083a00000|100%| O|  |TAMS 0x0000000083900000, 0x0000000083900000| Untracked 
|  30|0x0000000083a00000, 0x0000000083a76400, 0x0000000083b00000| 46%| O|  |TAMS 0x0000000083a00000, 0x0000000083a00000| Untracked 
|  31|0x0000000083b00000, 0x0000000083c00000, 0x0000000083c00000|100%|HS|  |TAMS 0x0000000083b00000, 0x0000000083b00000| Complete 
|  32|0x0000000083c00000, 0x0000000083d00000, 0x0000000083d00000|100%|HC|  |TAMS 0x0000000083c00000, 0x0000000083c00000| Complete 
|  33|0x0000000083d00000, 0x0000000083e00000, 0x0000000083e00000|100%|HC|  |TAMS 0x0000000083d00000, 0x0000000083d00000| Complete 
|  34|0x0000000083e00000, 0x0000000083f00000, 0x0000000083f00000|100%|HC|  |TAMS 0x0000000083e00000, 0x0000000083e00000| Complete 
|  35|0x0000000083f00000, 0x0000000084000000, 0x0000000084000000|100%|HC|  |TAMS 0x0000000083f00000, 0x0000000083f00000| Complete 
|  36|0x0000000084000000, 0x0000000084100000, 0x0000000084100000|100%|HS|  |TAMS 0x0000000084000000, 0x0000000084000000| Complete 
|  37|0x0000000084100000, 0x0000000084200000, 0x0000000084200000|100%|HC|  |TAMS 0x0000000084100000, 0x0000000084100000| Complete 
|  38|0x0000000084200000, 0x0000000084300000, 0x0000000084300000|100%|HC|  |TAMS 0x0000000084200000, 0x0000000084200000| Complete 
|  39|0x0000000084300000, 0x0000000084400000, 0x0000000084400000|100%|HC|  |TAMS 0x0000000084300000, 0x0000000084300000| Complete 
|  40|0x0000000084400000, 0x0000000084500000, 0x0000000084500000|100%|HC|  |TAMS 0x0000000084400000, 0x0000000084400000| Complete 
|  41|0x0000000084500000, 0x0000000084600000, 0x0000000084600000|100%|HS|  |TAMS 0x0000000084500000, 0x0000000084500000| Complete 
|  42|0x0000000084600000, 0x0000000084700000, 0x0000000084700000|100%|HC|  |TAMS 0x0000000084600000, 0x0000000084600000| Complete 
|  43|0x0000000084700000, 0x0000000084800000, 0x0000000084800000|100%|HC|  |TAMS 0x0000000084700000, 0x0000000084700000| Complete 
|  44|0x0000000084800000, 0x0000000084900000, 0x0000000084900000|100%|HC|  |TAMS 0x0000000084800000, 0x0000000084800000| Complete 
|  45|0x0000000084900000, 0x0000000084a00000, 0x0000000084a00000|100%|HC|  |TAMS 0x0000000084900000, 0x0000000084900000| Complete 
|  46|0x0000000084a00000, 0x0000000084b00000, 0x0000000084b00000|100%|HS|  |TAMS 0x0000000084a00000, 0x0000000084a00000| Complete 
|  47|0x0000000084b00000, 0x0000000084c00000, 0x0000000084c00000|100%|HC|  |TAMS 0x0000000084b00000, 0x0000000084b00000| Complete 
|  48|0x0000000084c00000, 0x0000000084d00000, 0x0000000084d00000|100%|HC|  |TAMS 0x0000000084c00000, 0x0000000084c00000| Complete 
|  49|0x0000000084d00000, 0x0000000084e00000, 0x0000000084e00000|100%|HC|  |TAMS 0x0000000084d00000, 0x0000000084d00000| Complete 
|  50|0x0000000084e00000, 0x0000000084f00000, 0x0000000084f00000|100%|HC|  |TAMS 0x0000000084e00000, 0x0000000084e00000| Complete 
|  51|0x0000000084f00000, 0x0000000085000000, 0x0000000085000000|100%|HC|  |TAMS 0x0000000084f00000, 0x0000000084f00000| Complete 
|  52|0x0000000085000000, 0x0000000085100000, 0x0000000085100000|100%|HC|  |TAMS 0x0000000085000000, 0x0000000085000000| Complete 
|  53|0x0000000085100000, 0x0000000085200000, 0x0000000085200000|100%|HS|  |TAMS 0x0000000085100000, 0x0000000085100000| Complete 
|  54|0x0000000085200000, 0x0000000085300000, 0x0000000085300000|100%|HC|  |TAMS 0x0000000085200000, 0x0000000085200000| Complete 
|  55|0x0000000085300000, 0x0000000085400000, 0x0000000085400000|100%|HC|  |TAMS 0x0000000085300000, 0x0000000085300000| Complete 
|  56|0x0000000085400000, 0x0000000085500000, 0x0000000085500000|100%|HC|  |TAMS 0x0000000085400000, 0x0000000085400000| Complete 
|  57|0x0000000085500000, 0x0000000085600000, 0x0000000085600000|100%|HC|  |TAMS 0x0000000085500000, 0x0000000085500000| Complete 
|  58|0x0000000085600000, 0x0000000085675a10, 0x0000000085700000| 45%| S|CS|TAMS 0x0000000085600000, 0x0000000085600000| Complete 
|  59|0x0000000085700000, 0x0000000085700000, 0x0000000085800000|  0%| F|  |TAMS 0x0000000085700000, 0x0000000085700000| Untracked 
|  60|0x0000000085800000, 0x0000000085800000, 0x0000000085900000|  0%| F|  |TAMS 0x0000000085800000, 0x0000000085800000| Untracked 
|  61|0x0000000085900000, 0x0000000085900000, 0x0000000085a00000|  0%| F|  |TAMS 0x0000000085900000, 0x0000000085900000| Untracked 
|  62|0x0000000085a00000, 0x0000000085a00000, 0x0000000085b00000|  0%| F|  |TAMS 0x0000000085a00000, 0x0000000085a00000| Untracked 
|  63|0x0000000085b00000, 0x0000000085b00000, 0x0000000085c00000|  0%| F|  |TAMS 0x0000000085b00000, 0x0000000085b00000| Untracked 
|  64|0x0000000085c00000, 0x0000000085d00000, 0x0000000085d00000|100%|HS|  |TAMS 0x0000000085c00000, 0x0000000085c00000| Complete 
|  65|0x0000000085d00000, 0x0000000085e00000, 0x0000000085e00000|100%|HC|  |TAMS 0x0000000085d00000, 0x0000000085d00000| Complete 
|  66|0x0000000085e00000, 0x0000000085f00000, 0x0000000085f00000|100%|HC|  |TAMS 0x0000000085e00000, 0x0000000085e00000| Complete 
|  67|0x0000000085f00000, 0x0000000086000000, 0x0000000086000000|100%|HC|  |TAMS 0x0000000085f00000, 0x0000000085f00000| Complete 
|  68|0x0000000086000000, 0x0000000086100000, 0x0000000086100000|100%|HC|  |TAMS 0x0000000086000000, 0x0000000086000000| Complete 
|  69|0x0000000086100000, 0x0000000086100000, 0x0000000086200000|  0%| F|  |TAMS 0x0000000086100000, 0x0000000086100000| Untracked 
|  70|0x0000000086200000, 0x0000000086200000, 0x0000000086300000|  0%| F|  |TAMS 0x0000000086200000, 0x0000000086200000| Untracked 
|  71|0x0000000086300000, 0x0000000086300000, 0x0000000086400000|  0%| F|  |TAMS 0x0000000086300000, 0x0000000086300000| Untracked 
|  72|0x0000000086400000, 0x0000000086400000, 0x0000000086500000|  0%| F|  |TAMS 0x0000000086400000, 0x0000000086400000| Untracked 
|  73|0x0000000086500000, 0x0000000086500000, 0x0000000086600000|  0%| F|  |TAMS 0x0000000086500000, 0x0000000086500000| Untracked 
|  74|0x0000000086600000, 0x0000000086600000, 0x0000000086700000|  0%| F|  |TAMS 0x0000000086600000, 0x0000000086600000| Untracked 
|  75|0x0000000086700000, 0x0000000086700000, 0x0000000086800000|  0%| F|  |TAMS 0x0000000086700000, 0x0000000086700000| Untracked 
|  76|0x0000000086800000, 0x0000000086800000, 0x0000000086900000|  0%| F|  |TAMS 0x0000000086800000, 0x0000000086800000| Untracked 
|  77|0x0000000086900000, 0x0000000086900000, 0x0000000086a00000|  0%| F|  |TAMS 0x0000000086900000, 0x0000000086900000| Untracked 
|  78|0x0000000086a00000, 0x0000000086a00000, 0x0000000086b00000|  0%| F|  |TAMS 0x0000000086a00000, 0x0000000086a00000| Untracked 
|  79|0x0000000086b00000, 0x0000000086b00000, 0x0000000086c00000|  0%| F|  |TAMS 0x0000000086b00000, 0x0000000086b00000| Untracked 
|  80|0x0000000086c00000, 0x0000000086c00000, 0x0000000086d00000|  0%| F|  |TAMS 0x0000000086c00000, 0x0000000086c00000| Untracked 
|  81|0x0000000086d00000, 0x0000000086d00000, 0x0000000086e00000|  0%| F|  |TAMS 0x0000000086d00000, 0x0000000086d00000| Untracked 
|  82|0x0000000086e00000, 0x0000000086e00000, 0x0000000086f00000|  0%| F|  |TAMS 0x0000000086e00000, 0x0000000086e00000| Untracked 
|  83|0x0000000086f00000, 0x0000000086f00000, 0x0000000087000000|  0%| F|  |TAMS 0x0000000086f00000, 0x0000000086f00000| Untracked 
|  84|0x0000000087000000, 0x0000000087000000, 0x0000000087100000|  0%| F|  |TAMS 0x0000000087000000, 0x0000000087000000| Untracked 
|  85|0x0000000087100000, 0x0000000087100000, 0x0000000087200000|  0%| F|  |TAMS 0x0000000087100000, 0x0000000087100000| Untracked 
|  86|0x0000000087200000, 0x0000000087200000, 0x0000000087300000|  0%| F|  |TAMS 0x0000000087200000, 0x0000000087200000| Untracked 
|  87|0x0000000087300000, 0x0000000087300000, 0x0000000087400000|  0%| F|  |TAMS 0x0000000087300000, 0x0000000087300000| Untracked 
|  88|0x0000000087400000, 0x0000000087400000, 0x0000000087500000|  0%| F|  |TAMS 0x0000000087400000, 0x0000000087400000| Untracked 
|  89|0x0000000087500000, 0x0000000087500000, 0x0000000087600000|  0%| F|  |TAMS 0x0000000087500000, 0x0000000087500000| Untracked 
|  90|0x0000000087600000, 0x0000000087600000, 0x0000000087700000|  0%| F|  |TAMS 0x0000000087600000, 0x0000000087600000| Untracked 
|  91|0x0000000087700000, 0x0000000087700000, 0x0000000087800000|  0%| F|  |TAMS 0x0000000087700000, 0x0000000087700000| Untracked 
|  92|0x0000000087800000, 0x0000000087800000, 0x0000000087900000|  0%| F|  |TAMS 0x0000000087800000, 0x0000000087800000| Untracked 
|  93|0x0000000087900000, 0x0000000087900000, 0x0000000087a00000|  0%| F|  |TAMS 0x0000000087900000, 0x0000000087900000| Untracked 
|  94|0x0000000087a00000, 0x0000000087a00000, 0x0000000087b00000|  0%| F|  |TAMS 0x0000000087a00000, 0x0000000087a00000| Untracked 
|  95|0x0000000087b00000, 0x0000000087b00000, 0x0000000087c00000|  0%| F|  |TAMS 0x0000000087b00000, 0x0000000087b00000| Untracked 
|  96|0x0000000087c00000, 0x0000000087c00000, 0x0000000087d00000|  0%| F|  |TAMS 0x0000000087c00000, 0x0000000087c00000| Untracked 
|  97|0x0000000087d00000, 0x0000000087d00000, 0x0000000087e00000|  0%| F|  |TAMS 0x0000000087d00000, 0x0000000087d00000| Untracked 
|  98|0x0000000087e00000, 0x0000000087e00000, 0x0000000087f00000|  0%| F|  |TAMS 0x0000000087e00000, 0x0000000087e00000| Untracked 
|  99|0x0000000087f00000, 0x0000000087f00000, 0x0000000088000000|  0%| F|  |TAMS 0x0000000087f00000, 0x0000000087f00000| Untracked 
| 100|0x0000000088000000, 0x0000000088000000, 0x0000000088100000|  0%| F|  |TAMS 0x0000000088000000, 0x0000000088000000| Untracked 
| 101|0x0000000088100000, 0x0000000088100000, 0x0000000088200000|  0%| F|  |TAMS 0x0000000088100000, 0x0000000088100000| Untracked 
| 102|0x0000000088200000, 0x0000000088200000, 0x0000000088300000|  0%| F|  |TAMS 0x0000000088200000, 0x0000000088200000| Untracked 
| 103|0x0000000088300000, 0x0000000088300000, 0x0000000088400000|  0%| F|  |TAMS 0x0000000088300000, 0x0000000088300000| Untracked 
| 104|0x0000000088400000, 0x0000000088400000, 0x0000000088500000|  0%| F|  |TAMS 0x0000000088400000, 0x0000000088400000| Untracked 
| 105|0x0000000088500000, 0x0000000088500000, 0x0000000088600000|  0%| F|  |TAMS 0x0000000088500000, 0x0000000088500000| Untracked 
| 106|0x0000000088600000, 0x0000000088600000, 0x0000000088700000|  0%| F|  |TAMS 0x0000000088600000, 0x0000000088600000| Untracked 
| 107|0x0000000088700000, 0x0000000088700000, 0x0000000088800000|  0%| F|  |TAMS 0x0000000088700000, 0x0000000088700000| Untracked 
| 108|0x0000000088800000, 0x0000000088800000, 0x0000000088900000|  0%| F|  |TAMS 0x0000000088800000, 0x0000000088800000| Untracked 
| 109|0x0000000088900000, 0x0000000088900000, 0x0000000088a00000|  0%| F|  |TAMS 0x0000000088900000, 0x0000000088900000| Untracked 
| 110|0x0000000088a00000, 0x0000000088a00000, 0x0000000088b00000|  0%| F|  |TAMS 0x0000000088a00000, 0x0000000088a00000| Untracked 
| 111|0x0000000088b00000, 0x0000000088b00000, 0x0000000088c00000|  0%| F|  |TAMS 0x0000000088b00000, 0x0000000088b00000| Untracked 
| 112|0x0000000088c00000, 0x0000000088c00000, 0x0000000088d00000|  0%| F|  |TAMS 0x0000000088c00000, 0x0000000088c00000| Untracked 
| 113|0x0000000088d00000, 0x0000000088d00000, 0x0000000088e00000|  0%| F|  |TAMS 0x0000000088d00000, 0x0000000088d00000| Untracked 
| 114|0x0000000088e00000, 0x0000000088e00000, 0x0000000088f00000|  0%| F|  |TAMS 0x0000000088e00000, 0x0000000088e00000| Untracked 
| 115|0x0000000088f00000, 0x0000000088f00000, 0x0000000089000000|  0%| F|  |TAMS 0x0000000088f00000, 0x0000000088f00000| Untracked 
| 116|0x0000000089000000, 0x0000000089000000, 0x0000000089100000|  0%| F|  |TAMS 0x0000000089000000, 0x0000000089000000| Untracked 
| 117|0x0000000089100000, 0x0000000089100000, 0x0000000089200000|  0%| F|  |TAMS 0x0000000089100000, 0x0000000089100000| Untracked 
| 118|0x0000000089200000, 0x0000000089200000, 0x0000000089300000|  0%| F|  |TAMS 0x0000000089200000, 0x0000000089200000| Untracked 
| 119|0x0000000089300000, 0x0000000089300000, 0x0000000089400000|  0%| F|  |TAMS 0x0000000089300000, 0x0000000089300000| Untracked 
| 120|0x0000000089400000, 0x0000000089400000, 0x0000000089500000|  0%| F|  |TAMS 0x0000000089400000, 0x0000000089400000| Untracked 
| 121|0x0000000089500000, 0x0000000089500000, 0x0000000089600000|  0%| F|  |TAMS 0x0000000089500000, 0x0000000089500000| Untracked 
| 122|0x0000000089600000, 0x0000000089600000, 0x0000000089700000|  0%| F|  |TAMS 0x0000000089600000, 0x0000000089600000| Untracked 
| 123|0x0000000089700000, 0x0000000089700000, 0x0000000089800000|  0%| F|  |TAMS 0x0000000089700000, 0x0000000089700000| Untracked 
| 124|0x0000000089800000, 0x0000000089800000, 0x0000000089900000|  0%| F|  |TAMS 0x0000000089800000, 0x0000000089800000| Untracked 
| 125|0x0000000089900000, 0x0000000089900000, 0x0000000089a00000|  0%| F|  |TAMS 0x0000000089900000, 0x0000000089900000| Untracked 
| 126|0x0000000089a00000, 0x0000000089a00000, 0x0000000089b00000|  0%| F|  |TAMS 0x0000000089a00000, 0x0000000089a00000| Untracked 
| 127|0x0000000089b00000, 0x0000000089b00000, 0x0000000089c00000|  0%| F|  |TAMS 0x0000000089b00000, 0x0000000089b00000| Untracked 

Card table byte_map: [0x000002bfe9a60000,0x000002bfe9e60000] _byte_map_base: 0x000002bfe9652000

Marking Bits (Prev, Next): (CMBitMap*) 0x000002bfd2c08540, (CMBitMap*) 0x000002bfd2c08580
 Prev Bits: [0x000002bfea260000, 0x000002bfec1f0000)
 Next Bits: [0x000002bfec1f0000, 0x000002bfee180000)

Polling page: 0x000002bfd0bb0000

Metaspace:

Usage:
  Non-class:     47.64 MB used.
      Class:      7.60 MB used.
       Both:     55.23 MB used.

Virtual space:
  Non-class space:       48.00 MB reserved,      47.81 MB (>99%) committed,  6 nodes.
      Class space:        1.00 GB reserved,       7.81 MB ( <1%) committed,  1 nodes.
              Both:        1.05 GB reserved,      55.62 MB (  5%) committed. 

Chunk freelists:
   Non-Class:  0 bytes
       Class:  0 bytes
        Both:  0 bytes

MaxMetaspaceSize: 17179869184.00 GB
CompressedClassSpaceSize: 1.00 GB
 - commit_granule_bytes: 65536.
 - commit_granule_words: 8192.
 - virtual_space_node_default_size: 1048576.
 - enlarge_chunks_in_place: 1.
 - new_chunks_are_fully_committed: 0.
 - uncommit_free_chunks: 1.
 - use_allocation_guard: 0.
 - handle_deallocations: 1.


Internal statistics:

num_allocs_failed_limit: 6.
num_arena_births: 578.
num_arena_deaths: 0.
num_vsnodes_births: 7.
num_vsnodes_deaths: 0.
num_space_committed: 890.
num_space_uncommitted: 0.
num_chunks_returned_to_freelist: 6.
num_chunks_taken_from_freelist: 2599.
num_chunk_merges: 6.
num_chunk_splits: 1862.
num_chunks_enlarged: 1463.
num_purges: 0.

CodeHeap 'non-profiled nmethods': size=238336Kb used=9122Kb max_used=9122Kb free=229213Kb
 bounds [0x000002bfdaa70000, 0x000002bfdb360000, 0x000002bfe9330000]
CodeHeap 'non-nmethods': size=7424Kb used=1340Kb max_used=1340Kb free=6083Kb
 bounds [0x000002bfda330000, 0x000002bfda5a0000, 0x000002bfdaa70000]
 total_blobs=6396 nmethods=5718 adapters=605
 compilation: enabled
              stopped_count=0, restarted_count=0
 full_count=0

Compilation events (20 events):
Event: 287.346 Thread 0x000002bff0ba4830 5714 %     1       sun.awt.image.ByteInterleavedRaster::putByteData @ 456 (834 bytes)
Event: 287.387 Thread 0x000002bff0ba4830 nmethod 5714% 0x000002bfdb351390 code [0x000002bfdb351600, 0x000002bfdb352408]
Event: 287.387 Thread 0x000002bff0ba4830 5719       1       sun.awt.image.ByteInterleavedRaster::setDataElements (263 bytes)
Event: 287.388 Thread 0x000002bff0ba4830 nmethod 5719 0x000002bfdb352f10 code [0x000002bfdb353100, 0x000002bfdb3536c8]
Event: 287.388 Thread 0x000002bff0ba4830 5713       1       sun.awt.image.ByteInterleavedRaster::getDataStorage (5 bytes)
Event: 287.388 Thread 0x000002bff0ba4830 nmethod 5713 0x000002bfdb353a90 code [0x000002bfdb353c20, 0x000002bfdb353cf8]
Event: 287.388 Thread 0x000002bff0ba4830 5715       1       com.sun.imageio.plugins.jpeg.JPEGImageReader$CallBackLock::unlock (8 bytes)
Event: 287.388 Thread 0x000002bff0ba4830 nmethod 5715 0x000002bfdb353d90 code [0x000002bfdb353f20, 0x000002bfdb354038]
Event: 287.388 Thread 0x000002bff0ba4830 5716       1       com.sun.imageio.plugins.jpeg.JPEGImageReader$CallBackLock::lock (8 bytes)
Event: 287.388 Thread 0x000002bff0ba4830 nmethod 5716 0x000002bfdb354090 code [0x000002bfdb354220, 0x000002bfdb354338]
Event: 287.388 Thread 0x000002bff0ba4830 5717   !   1       com.sun.imageio.plugins.jpeg.JPEGImageReader::acceptPixels (436 bytes)
Event: 287.393 Thread 0x000002bff0ba4830 nmethod 5717 0x000002bfdb354390 code [0x000002bfdb354700, 0x000002bfdb355258]
Event: 287.393 Thread 0x000002bff0ba4830 5720       1       sun.awt.image.ByteInterleavedRaster::getDataElements (15 bytes)
Event: 287.393 Thread 0x000002bff0ba4830 nmethod 5720 0x000002bfdb355f10 code [0x000002bfdb3560c0, 0x000002bfdb3561e8]
Event: 287.393 Thread 0x000002bff0ba4830 5721       1       sun.awt.image.ByteInterleavedRaster::getByteData (851 bytes)
Event: 287.395 Thread 0x000002bff0ba4830 nmethod 5721 0x000002bfdb356290 code [0x000002bfdb356500, 0x000002bfdb3574e8]
Event: 287.395 Thread 0x000002bff0ba4830 5722       1       javax.imageio.ImageReader::processImageUpdate (73 bytes)
Event: 287.396 Thread 0x000002bff0ba4830 nmethod 5722 0x000002bfdb357f90 code [0x000002bfdb358160, 0x000002bfdb358408]
Event: 287.396 Thread 0x000002bff0ba4830 5718       1       sun.awt.image.ByteInterleavedRaster::setRect (187 bytes)
Event: 287.396 Thread 0x000002bff0ba4830 nmethod 5718 0x000002bfdb358590 code [0x000002bfdb358740, 0x000002bfdb358958]

GC Heap History (20 events):
Event: 11.693 GC heap after
{Heap after GC invocations=14 (full 0):
 garbage-first heap   total 61440K, used 25729K [0x0000000081c00000, 0x0000000100000000)
  region size 1024K, 4 young (4096K), 4 survivors (4096K)
 Metaspace       used 47138K, committed 47616K, reserved 1089536K
  class space    used 6641K, committed 6848K, reserved 1048576K
}
Event: 13.761 GC heap before
{Heap before GC invocations=14 (full 0):
 garbage-first heap   total 61440K, used 47233K [0x0000000081c00000, 0x0000000100000000)
  region size 1024K, 26 young (26624K), 4 survivors (4096K)
 Metaspace       used 51014K, committed 51456K, reserved 1097728K
  class space    used 7147K, committed 7360K, reserved 1048576K
}
Event: 13.772 GC heap after
{Heap after GC invocations=15 (full 0):
 garbage-first heap   total 61440K, used 28636K [0x0000000081c00000, 0x0000000100000000)
  region size 1024K, 3 young (3072K), 3 survivors (3072K)
 Metaspace       used 51014K, committed 51456K, reserved 1097728K
  class space    used 7147K, committed 7360K, reserved 1048576K
}
Event: 281.055 GC heap before
{Heap before GC invocations=15 (full 0):
 garbage-first heap   total 61440K, used 47068K [0x0000000081c00000, 0x0000000100000000)
  region size 1024K, 22 young (22528K), 3 survivors (3072K)
 Metaspace       used 54793K, committed 55232K, reserved 1097728K
  class space    used 7587K, committed 7808K, reserved 1048576K
}
Event: 281.212 GC heap after
{Heap after GC invocations=16 (full 0):
 garbage-first heap   total 61440K, used 30358K [0x0000000081c00000, 0x0000000100000000)
  region size 1024K, 2 young (2048K), 2 survivors (2048K)
 Metaspace       used 54793K, committed 55232K, reserved 1097728K
  class space    used 7587K, committed 7808K, reserved 1048576K
}
Event: 287.274 GC heap before
{Heap before GC invocations=16 (full 0):
 garbage-first heap   total 61440K, used 34454K [0x0000000081c00000, 0x0000000100000000)
  region size 1024K, 8 young (8192K), 2 survivors (2048K)
 Metaspace       used 56411K, committed 56768K, reserved 1097728K
  class space    used 7768K, committed 7936K, reserved 1048576K
}
Event: 287.299 GC heap after
{Heap after GC invocations=17 (full 0):
 garbage-first heap   total 61440K, used 31253K [0x0000000081c00000, 0x0000000100000000)
  region size 1024K, 1 young (1024K), 1 survivors (1024K)
 Metaspace       used 56411K, committed 56768K, reserved 1097728K
  class space    used 7768K, committed 7936K, reserved 1048576K
}
Event: 287.385 GC heap before
{Heap before GC invocations=17 (full 0):
 garbage-first heap   total 66560K, used 65045K [0x0000000081c00000, 0x0000000100000000)
  region size 1024K, 2 young (2048K), 1 survivors (1024K)
 Metaspace       used 56553K, committed 56960K, reserved 1097728K
  class space    used 7778K, committed 8000K, reserved 1048576K
}
Event: 287.387 GC heap after
{Heap after GC invocations=18 (full 0):
 garbage-first heap   total 67584K, used 63909K [0x0000000081c00000, 0x0000000100000000)
  region size 1024K, 1 young (1024K), 1 survivors (1024K)
 Metaspace       used 56553K, committed 56960K, reserved 1097728K
  class space    used 7778K, committed 8000K, reserved 1048576K
}
Event: 287.403 GC heap before
{Heap before GC invocations=18 (full 0):
 garbage-first heap   total 67584K, used 65957K [0x0000000081c00000, 0x0000000100000000)
  region size 1024K, 3 young (3072K), 1 survivors (1024K)
 Metaspace       used 56557K, committed 56960K, reserved 1097728K
  class space    used 7778K, committed 8000K, reserved 1048576K
}
Event: 287.406 GC heap after
{Heap after GC invocations=19 (full 0):
 garbage-first heap   total 68608K, used 63915K [0x0000000081c00000, 0x0000000100000000)
  region size 1024K, 1 young (1024K), 1 survivors (1024K)
 Metaspace       used 56557K, committed 56960K, reserved 1097728K
  class space    used 7778K, committed 8000K, reserved 1048576K
}
Event: 287.420 GC heap before
{Heap before GC invocations=19 (full 0):
 garbage-first heap   total 68608K, used 65963K [0x0000000081c00000, 0x0000000100000000)
  region size 1024K, 3 young (3072K), 1 survivors (1024K)
 Metaspace       used 56557K, committed 56960K, reserved 1097728K
  class space    used 7778K, committed 8000K, reserved 1048576K
}
Event: 287.422 GC heap after
{Heap after GC invocations=20 (full 0):
 garbage-first heap   total 68608K, used 63907K [0x0000000081c00000, 0x0000000100000000)
  region size 1024K, 1 young (1024K), 1 survivors (1024K)
 Metaspace       used 56557K, committed 56960K, reserved 1097728K
  class space    used 7778K, committed 8000K, reserved 1048576K
}
Event: 287.427 GC heap before
{Heap before GC invocations=20 (full 0):
 garbage-first heap   total 68608K, used 65955K [0x0000000081c00000, 0x0000000100000000)
  region size 1024K, 3 young (3072K), 1 survivors (1024K)
 Metaspace       used 56557K, committed 56960K, reserved 1097728K
  class space    used 7778K, committed 8000K, reserved 1048576K
}
Event: 287.429 GC heap after
{Heap after GC invocations=21 (full 0):
 garbage-first heap   total 68608K, used 63895K [0x0000000081c00000, 0x0000000100000000)
  region size 1024K, 1 young (1024K), 1 survivors (1024K)
 Metaspace       used 56557K, committed 56960K, reserved 1097728K
  class space    used 7778K, committed 8000K, reserved 1048576K
}
Event: 287.434 GC heap before
{Heap before GC invocations=21 (full 0):
 garbage-first heap   total 68608K, used 65943K [0x0000000081c00000, 0x0000000100000000)
  region size 1024K, 3 young (3072K), 1 survivors (1024K)
 Metaspace       used 56557K, committed 56960K, reserved 1097728K
  class space    used 7778K, committed 8000K, reserved 1048576K
}
Event: 287.435 GC heap after
{Heap after GC invocations=22 (full 0):
 garbage-first heap   total 68608K, used 63890K [0x0000000081c00000, 0x0000000100000000)
  region size 1024K, 1 young (1024K), 1 survivors (1024K)
 Metaspace       used 56557K, committed 56960K, reserved 1097728K
  class space    used 7778K, committed 8000K, reserved 1048576K
}
Event: 287.444 GC heap before
{Heap before GC invocations=22 (full 0):
 garbage-first heap   total 68608K, used 65938K [0x0000000081c00000, 0x0000000100000000)
  region size 1024K, 3 young (3072K), 1 survivors (1024K)
 Metaspace       used 56557K, committed 56960K, reserved 1097728K
  class space    used 7778K, committed 8000K, reserved 1048576K
}
Event: 287.445 GC heap after
{Heap after GC invocations=23 (full 0):
 garbage-first heap   total 68608K, used 63886K [0x0000000081c00000, 0x0000000100000000)
  region size 1024K, 1 young (1024K), 1 survivors (1024K)
 Metaspace       used 56557K, committed 56960K, reserved 1097728K
  class space    used 7778K, committed 8000K, reserved 1048576K
}
Event: 287.455 GC heap before
{Heap before GC invocations=23 (full 0):
 garbage-first heap   total 68608K, used 65934K [0x0000000081c00000, 0x0000000100000000)
  region size 1024K, 3 young (3072K), 1 survivors (1024K)
 Metaspace       used 56557K, committed 56960K, reserved 1097728K
  class space    used 7778K, committed 8000K, reserved 1048576K
}

Deoptimization events (4 events):
Event: 4.485 Thread 0x000002bfd2bc8040 DEOPT PACKING pc=0x000002bfdad71d54 sp=0x000000d9920fdb60
Event: 4.485 Thread 0x000002bfd2bc8040 DEOPT UNPACKING pc=0x000002bfda37dece sp=0x000000d9920fd0b8 mode 0
Event: 6.163 Thread 0x000002bff3698a40 DEOPT PACKING pc=0x000002bfdacf4397 sp=0x000000d9941feeb0
Event: 6.163 Thread 0x000002bff3698a40 DEOPT UNPACKING pc=0x000002bfda37dece sp=0x000000d9941fe308 mode 3

Classes unloaded (0 events):
No events

Classes redefined (0 events):
No events

Internal exceptions (20 events):
Event: 11.439 Thread 0x000002bfd2bc8040 Exception <a 'java/lang/NoSuchMethodError'{0x0000000084228720}: 'void java.lang.invoke.DirectMethodHandle$Holder.invokeVirtual(java.lang.Object, java.lang.Object, int)'> (0x0000000084228720) 
thrown [t:\workspace\open\src\hotspot\share\interpreter\linkResolver.cpp, line 790]
Event: 11.554 Thread 0x000002bfd2bc8040 Exception <a 'java/lang/NoSuchMethodError'{0x0000000084006c28}: 'int java.lang.invoke.DirectMethodHandle$Holder.invokeStaticInit(java.lang.Object, java.lang.Object, java.lang.Object, java.lang.Object)'> (0x0000000084006c28) 
thrown [t:\workspace\open\src\hotspot\share\interpreter\linkResolver.cpp, line 790]
Event: 11.769 Thread 0x000002bfd2bc8040 Exception <a 'java/lang/NoSuchMethodError'{0x0000000089baf368}: 'java.lang.Object java.lang.invoke.DirectMethodHandle$Holder.invokeSpecial(java.lang.Object, java.lang.Object, int, java.lang.Object, int, java.lang.Object)'> (0x0000000089baf368) 
thrown [t:\workspace\open\src\hotspot\share\interpreter\linkResolver.cpp, line 790]
Event: 11.770 Thread 0x000002bfd2bc8040 Exception <a 'java/lang/NoSuchMethodError'{0x0000000089bb7728}: 'java.lang.Object java.lang.invoke.DirectMethodHandle$Holder.newInvokeSpecial(java.lang.Object, java.lang.Object, int, java.lang.Object, int)'> (0x0000000089bb7728) 
thrown [t:\workspace\open\src\hotspot\share\interpreter\linkResolver.cpp, line 790]
Event: 11.770 Thread 0x000002bfd2bc8040 Exception <a 'java/lang/NoSuchMethodError'{0x0000000089bbb938}: 'java.lang.Object java.lang.invoke.DirectMethodHandle$Holder.invokeSpecial(java.lang.Object, java.lang.Object, java.lang.Object, int, java.lang.Object, int)'> (0x0000000089bbb938) 
thrown [t:\workspace\open\src\hotspot\share\interpreter\linkResolver.cpp, line 790]
Event: 11.772 Thread 0x000002bfd2bc8040 Exception <a 'java/lang/NoSuchMethodError'{0x0000000089bc6aa0}: 'void java.lang.invoke.DirectMethodHandle$Holder.invokeVirtual(java.lang.Object, java.lang.Object)'> (0x0000000089bc6aa0) 
thrown [t:\workspace\open\src\hotspot\share\interpreter\linkResolver.cpp, line 790]
Event: 36.916 Thread 0x000002bff3886050 Exception <a 'java/lang/NoSuchMethodError'{0x0000000085da6b98}: 'java.lang.Object java.lang.invoke.DirectMethodHandle$Holder.newInvokeSpecial(java.lang.Object, java.lang.Object, java.lang.Object, java.lang.Object, java.lang.Object, java.lang.Object, java.lang.Object)'> (0x0000000085da6b98) 
thrown [t:\workspace\open\src\hotspot\share\interpreter\linkResolver.cpp, line 790]
Event: 36.920 Thread 0x000002bff3886050 Exception <a 'java/lang/NoSuchMethodError'{0x0000000085dab950}: 'java.lang.Object java.lang.invoke.Invokers$Holder.linkToTargetMethod(java.lang.Object, java.lang.Object, java.lang.Object, java.lang.Object, java.lang.Object, java.lang.Object, java.lang.Object)'> (0x0000000085dab950) 
thrown [t:\workspace\open\src\hotspot\share\interpreter\linkResolver.cpp, line 790]
Event: 36.969 Thread 0x000002bff3886050 Exception <a 'java/lang/ClassNotFoundException'{0x0000000085c84818}: java/lang/ObjectCustomizer> (0x0000000085c84818) 
thrown [t:\workspace\open\src\hotspot\share\classfile\systemDictionary.cpp, line 256]
Event: 36.973 Thread 0x000002bff3886050 Exception <a 'java/lang/ClassNotFoundException'{0x0000000085c8e330}: main/repo/UserCustomizer> (0x0000000085c8e330) 
thrown [t:\workspace\open\src\hotspot\share\classfile\systemDictionary.cpp, line 256]
Event: 92.816 Thread 0x000002bff36e7190 Exception <a 'java/lang/NoSuchMethodError'{0x00000000847d66e0}: 'java.lang.Object java.lang.invoke.DirectMethodHandle$Holder.invokeStaticInit(java.lang.Object, java.lang.Object, java.lang.Object, java.lang.Object, java.lang.Object, java.lang.Object)'> (0x00000000847d66e0) 
thrown [t:\workspace\open\src\hotspot\share\interpreter\linkResolver.cpp, line 790]
Event: 282.942 Thread 0x000002bff388baa0 Exception <a 'sun/nio/fs/WindowsException'{0x00000000860b8c98}> (0x00000000860b8c98) 
thrown [t:\workspace\open\src\hotspot\share\prims\jni.cpp, line 579]
Event: 283.084 Thread 0x000002bff388baa0 Exception <a 'sun/nio/fs/WindowsException'{0x0000000085f35790}> (0x0000000085f35790) 
thrown [t:\workspace\open\src\hotspot\share\prims\jni.cpp, line 579]
Event: 283.104 Thread 0x000002bff388baa0 Exception <a 'sun/nio/fs/WindowsException'{0x0000000085f3a110}> (0x0000000085f3a110) 
thrown [t:\workspace\open\src\hotspot\share\prims\jni.cpp, line 579]
Event: 283.129 Thread 0x000002bff388baa0 Exception <a 'sun/nio/fs/WindowsException'{0x0000000085f3dd70}> (0x0000000085f3dd70) 
thrown [t:\workspace\open\src\hotspot\share\prims\jni.cpp, line 579]
Event: 283.148 Thread 0x000002bff388baa0 Exception <a 'sun/nio/fs/WindowsException'{0x0000000085f41c88}> (0x0000000085f41c88) 
thrown [t:\workspace\open\src\hotspot\share\prims\jni.cpp, line 579]
Event: 283.174 Thread 0x000002bff388baa0 Exception <a 'sun/nio/fs/WindowsException'{0x0000000085f45ae8}> (0x0000000085f45ae8) 
thrown [t:\workspace\open\src\hotspot\share\prims\jni.cpp, line 579]
Event: 287.066 Thread 0x000002bff3887ae0 Exception <a 'java/lang/ClassNotFoundException'{0x0000000085c69ab0}: sun/awt/resources/spi/awtProvider> (0x0000000085c69ab0) 
thrown [t:\workspace\open\src\hotspot\share\classfile\systemDictionary.cpp, line 256]
Event: 287.135 Thread 0x000002bff3887ae0 Exception <a 'java/io/FileNotFoundException'{0x0000000085c74460}> (0x0000000085c74460) 
thrown [t:\workspace\open\src\hotspot\share\prims\jni.cpp, line 579]
Event: 287.137 Thread 0x000002bff3887ae0 Exception <a 'java/io/FileNotFoundException'{0x0000000085c75c38}> (0x0000000085c75c38) 
thrown [t:\workspace\open\src\hotspot\share\prims\jni.cpp, line 579]

Events (20 events):
Event: 287.336 loading class sun/awt/image/ShortComponentRaster done
Event: 287.347 Executing  VM operation: G1CollectForAllocation
Event: 287.348 Executing  VM operation: G1CollectForAllocation done
Event: 287.348 Executing  VM operation: G1CollectForAllocation
Event: 287.387 Executing  VM operation: G1CollectForAllocation done
Event: 287.402 Executing  VM operation: G1CollectForAllocation
Event: 287.406 Executing  VM operation: G1CollectForAllocation done
Event: 287.419 Executing  VM operation: G1CollectForAllocation
Event: 287.420 Executing  VM operation: G1CollectForAllocation done
Event: 287.420 Executing  VM operation: G1CollectForAllocation
Event: 287.422 Executing  VM operation: G1CollectForAllocation done
Event: 287.427 Executing  VM operation: G1CollectForAllocation
Event: 287.429 Executing  VM operation: G1CollectForAllocation done
Event: 287.434 Executing  VM operation: G1CollectForAllocation
Event: 287.434 Executing  VM operation: G1CollectForAllocation done
Event: 287.434 Executing  VM operation: G1CollectForAllocation
Event: 287.435 Executing  VM operation: G1CollectForAllocation done
Event: 287.444 Executing  VM operation: G1CollectForAllocation
Event: 287.446 Executing  VM operation: G1CollectForAllocation done
Event: 287.455 Executing  VM operation: G1CollectForAllocation


Dynamic libraries:
0x00007ff7dec50000 - 0x00007ff7dec5e000 	C:\Users\owner\.jdks\openjdk-16\bin\java.exe
0x00007ffecfd70000 - 0x00007ffecff65000 	C:\WINDOWS\SYSTEM32\ntdll.dll
0x00007ffecdde0000 - 0x00007ffecde9d000 	C:\WINDOWS\System32\KERNEL32.DLL
0x00007ffecd920000 - 0x00007ffecdbe9000 	C:\WINDOWS\System32\KERNELBASE.dll
0x00007ffecd590000 - 0x00007ffecd690000 	C:\WINDOWS\System32\ucrtbase.dll
0x00007ffec7400000 - 0x00007ffec7419000 	C:\Users\owner\.jdks\openjdk-16\bin\VCRUNTIME140.dll
0x00007ffec6c40000 - 0x00007ffec6c58000 	C:\Users\owner\.jdks\openjdk-16\bin\jli.dll
0x00007ffecfb90000 - 0x00007ffecfd30000 	C:\WINDOWS\System32\USER32.dll
0x00007ffebe510000 - 0x00007ffebe7aa000 	C:\WINDOWS\WinSxS\amd64_microsoft.windows.common-controls_6595b64144ccf1df_6.0.19041.1110_none_60b5254171f9507e\COMCTL32.dll
0x00007ffecd8f0000 - 0x00007ffecd912000 	C:\WINDOWS\System32\win32u.dll
0x00007ffece4d0000 - 0x00007ffece56e000 	C:\WINDOWS\System32\msvcrt.dll
0x00007ffecfb00000 - 0x00007ffecfb2a000 	C:\WINDOWS\System32\GDI32.dll
0x00007ffecdc20000 - 0x00007ffecdd2b000 	C:\WINDOWS\System32\gdi32full.dll
0x00007ffecd6f0000 - 0x00007ffecd78d000 	C:\WINDOWS\System32\msvcp_win.dll
0x00007ffece380000 - 0x00007ffece3b0000 	C:\WINDOWS\System32\IMM32.DLL
0x00007ffec81c0000 - 0x00007ffec81cc000 	C:\Users\owner\.jdks\openjdk-16\bin\vcruntime140_1.dll
0x00007ffec6ba0000 - 0x00007ffec6c31000 	C:\Users\owner\.jdks\openjdk-16\bin\msvcp140.dll
0x00007ffe5cce0000 - 0x00007ffe5d88b000 	C:\Users\owner\.jdks\openjdk-16\bin\server\jvm.dll
0x00007ffece620000 - 0x00007ffece6cc000 	C:\WINDOWS\System32\ADVAPI32.dll
0x00007ffece760000 - 0x00007ffece7fb000 	C:\WINDOWS\System32\sechost.dll
0x00007ffecf670000 - 0x00007ffecf79a000 	C:\WINDOWS\System32\RPCRT4.dll
0x00007ffece370000 - 0x00007ffece378000 	C:\WINDOWS\System32\PSAPI.DLL
0x00007ffec07e0000 - 0x00007ffec0807000 	C:\WINDOWS\SYSTEM32\WINMM.dll
0x00007ffebf6f0000 - 0x00007ffebf6f9000 	C:\WINDOWS\SYSTEM32\WSOCK32.dll
0x00007ffec7a60000 - 0x00007ffec7a6a000 	C:\WINDOWS\SYSTEM32\VERSION.dll
0x00007ffeceb90000 - 0x00007ffecebfb000 	C:\WINDOWS\System32\WS2_32.dll
0x00007ffecbd60000 - 0x00007ffecbd72000 	C:\WINDOWS\SYSTEM32\kernel.appcore.dll
0x00007ffec7800000 - 0x00007ffec780a000 	C:\Users\owner\.jdks\openjdk-16\bin\jimage.dll
0x00007ffecba80000 - 0x00007ffecbc64000 	C:\WINDOWS\SYSTEM32\DBGHELP.DLL
0x00007ffec6190000 - 0x00007ffec61bc000 	C:\WINDOWS\SYSTEM32\dbgcore.DLL
0x00007ffecd4b0000 - 0x00007ffecd533000 	C:\WINDOWS\System32\bcryptPrimitives.dll
0x00007ffec7350000 - 0x00007ffec735e000 	C:\Users\owner\.jdks\openjdk-16\bin\instrument.dll
0x00007ffec6b30000 - 0x00007ffec6b55000 	C:\Users\owner\.jdks\openjdk-16\bin\java.dll
0x00007ffeceed0000 - 0x00007ffecf60f000 	C:\WINDOWS\System32\SHELL32.dll
0x00007ffecb210000 - 0x00007ffecb9a1000 	C:\WINDOWS\SYSTEM32\windows.storage.dll
0x00007ffece830000 - 0x00007ffeceb85000 	C:\WINDOWS\System32\combase.dll
0x00007ffecce50000 - 0x00007ffecce7c000 	C:\WINDOWS\SYSTEM32\Wldp.dll
0x00007ffece570000 - 0x00007ffece61e000 	C:\WINDOWS\System32\SHCORE.dll
0x00007ffecf610000 - 0x00007ffecf665000 	C:\WINDOWS\System32\shlwapi.dll
0x00007ffecd3f0000 - 0x00007ffecd40f000 	C:\WINDOWS\SYSTEM32\profapi.dll
0x00007ffec6b80000 - 0x00007ffec6b98000 	C:\Users\owner\.jdks\openjdk-16\bin\zip.dll
0x00007ffec6b10000 - 0x00007ffec6b29000 	C:\Users\owner\.jdks\openjdk-16\bin\net.dll
0x00007ffec7120000 - 0x00007ffec722a000 	C:\WINDOWS\SYSTEM32\WINHTTP.dll
0x00007ffeccbb0000 - 0x00007ffeccc1a000 	C:\WINDOWS\system32\mswsock.dll
0x00007ffec6a50000 - 0x00007ffec6a63000 	C:\Users\owner\.jdks\openjdk-16\bin\nio.dll
0x00007ffecc8e0000 - 0x00007ffecc9ac000 	C:\WINDOWS\SYSTEM32\DNSAPI.dll
0x00007ffecc8a0000 - 0x00007ffecc8db000 	C:\WINDOWS\SYSTEM32\IPHLPAPI.DLL
0x00007ffecec00000 - 0x00007ffecec08000 	C:\WINDOWS\System32\NSI.dll
0x00007ffec3bd0000 - 0x00007ffec3bda000 	C:\Windows\System32\rasadhlp.dll
0x00007ffec3870000 - 0x00007ffec38ef000 	C:\WINDOWS\System32\fwpuclnt.dll
0x00007ffecdbf0000 - 0x00007ffecdc17000 	C:\WINDOWS\System32\bcrypt.dll
0x00007ffec6cd0000 - 0x00007ffec6cd9000 	C:\Users\owner\.jdks\openjdk-16\bin\management.dll
0x00007ffec6b00000 - 0x00007ffec6b0b000 	C:\Users\owner\.jdks\openjdk-16\bin\management_ext.dll
0x00007ffeccd90000 - 0x00007ffeccda8000 	C:\WINDOWS\SYSTEM32\CRYPTSP.dll
0x00007ffecc550000 - 0x00007ffecc584000 	C:\WINDOWS\system32\rsaenh.dll
0x00007ffecd370000 - 0x00007ffecd39e000 	C:\WINDOWS\SYSTEM32\USERENV.dll
0x00007ffeccdb0000 - 0x00007ffeccdbc000 	C:\WINDOWS\SYSTEM32\CRYPTBASE.dll
0x00007ffec5a90000 - 0x00007ffec5aa7000 	C:\WINDOWS\SYSTEM32\dhcpcsvc6.DLL
0x00007ffec4fc0000 - 0x00007ffec4fdd000 	C:\WINDOWS\SYSTEM32\dhcpcsvc.DLL
0x00007ffe89360000 - 0x00007ffe89377000 	C:\WINDOWS\system32\napinsp.dll
0x00007ffe89380000 - 0x00007ffe8939b000 	C:\WINDOWS\system32\pnrpnsp.dll
0x00007ffea3f40000 - 0x00007ffea3f55000 	C:\WINDOWS\system32\wshbth.dll
0x00007ffec73a0000 - 0x00007ffec73bd000 	C:\WINDOWS\system32\NLAapi.dll
0x00007ffe893a0000 - 0x00007ffe893b2000 	C:\WINDOWS\System32\winrnr.dll
0x00007ffec69a0000 - 0x00007ffec69ae000 	C:\Users\owner\.jdks\openjdk-16\bin\sunmscapi.dll
0x00007ffecd790000 - 0x00007ffecd8ef000 	C:\WINDOWS\System32\CRYPT32.dll
0x00007ffeccec0000 - 0x00007ffeccee7000 	C:\WINDOWS\SYSTEM32\ncrypt.dll
0x00007ffecce80000 - 0x00007ffeccebb000 	C:\WINDOWS\SYSTEM32\NTASN1.dll
0x00007ffec6940000 - 0x00007ffec6947000 	C:\WINDOWS\system32\wshunix.dll
0x00007ffe91960000 - 0x00007ffe91adf000 	C:\Users\owner\.jdks\openjdk-16\bin\awt.dll
0x00007ffecee00000 - 0x00007ffeceecd000 	C:\WINDOWS\System32\OLEAUT32.dll
0x00007ffeca740000 - 0x00007ffeca7d0000 	C:\WINDOWS\SYSTEM32\apphelp.dll
0x00007ffec6560000 - 0x00007ffec658d000 	C:\Users\owner\.jdks\openjdk-16\bin\javajpeg.dll

dbghelp: loaded successfully - version: 4.0.5 - missing functions: none
symbol engine: initialized successfully - sym options: 0x614 - pdb path: .;C:\Users\owner\.jdks\openjdk-16\bin;C:\WINDOWS\SYSTEM32;C:\WINDOWS\WinSxS\amd64_microsoft.windows.common-controls_6595b64144ccf1df_6.0.19041.1110_none_60b5254171f9507e;C:\Users\owner\.jdks\openjdk-16\bin\server

VM Arguments:
jvm_args: -XX:TieredStopAtLevel=1 -Xverify:none -Dspring.output.ansi.enabled=always -javaagent:C:\Users\owner\Desktop\תכנות אינטרנט ב\IntelliJ IDEA 2020.3.2\lib\idea_rt.jar=63781:C:\Users\owner\Desktop\תכנות אינטרנט ב\IntelliJ IDEA 2020.3.2\bin -Dcom.sun.management.jmxremote -Dspring.jmx.enabled=true -Dspring.liveBeansView.mbeanDomain -Dspring.application.admin.enabled=true -Dfile.encoding=UTF-8 
java_command: main.Application
java_class_path (initial): C:\Users\owner\Desktop\תכנות אינטרנט ב\example code\#4-spring-jpa-thymeleaf-sessionbean-filter-error\target\classes;C:\Users\owner\.m2\repository\org\springframework\boot\spring-boot-configuration-processor\2.2.6.RELEASE\spring-boot-configuration-processor-2.2.6.RELEASE.jar;C:\Users\owner\.m2\repository\org\apache\tika\tika-core\1.23\tika-core-1.23.jar;C:\Users\owner\.m2\repository\org\springframework\boot\spring-boot-starter-data-jdbc\2.5.0\spring-boot-starter-data-jdbc-2.5.0.jar;C:\Users\owner\.m2\repository\org\springframework\data\spring-data-jdbc\2.2.1\spring-data-jdbc-2.2.1.jar;C:\Users\owner\.m2\repository\org\springframework\data\spring-data-relational\2.2.1\spring-data-relational-2.2.1.jar;C:\Users\owner\.m2\repository\org\springframework\data\spring-data-commons\2.5.1\spring-data-commons-2.5.1.jar;C:\Users\owner\.m2\repository\org\springframework\spring-tx\5.3.7\spring-tx-5.3.7.jar;C:\Users\owner\.m2\repository\org\springframework\spring-beans\5.3.7\spring-beans-5.3.7.jar;C:\Users\owner\.m2\repository\org\slf4j\slf4j-api\1.7.30\slf4j-api-1.7.30.jar;C:\Users\owner\.m2\repository\org\springframework\boot\spring-boot-starter-data-jpa\2.5.0\spring-boot-starter-data-jpa-2.5.0.jar;C:\Users\owner\.m2\repository\org\springframework\boot\spring-boot-starter-aop\2.5.0\spring-boot-starter-aop-2.5.0.jar;C:\Users\owner\.m2\repository\org\springframework\spring-aop\5.3.7\spring-aop-5.3.7.jar;C:\Users\owner\.m2\repository\org\aspectj\aspectjweaver\1.9.6\aspectjweaver-1.9.6.jar;C:\Users\owner\.m2\repository\jakarta\transaction\jakarta.transaction-api\1.3.3\jakarta.transaction-api-1.3.3.jar;C:\Users\owner\.m2\repository\jakarta\persistence\jakarta.persistence-api\2.2.3\jakarta.persistence-api-2.2.3.jar;C:\Users\owner\.m2\repository\org\hibernate\hibernate-core\5.4.31.Final\hibernate-core-5.4.31.Final.jar;C:\Users\owner\.m2\repository\org\jboss\logging\jboss-logging\3.4.1.Final\jboss-logging-3.4.1.Final.jar;C:\Users\owner\.m2\repository\org\java
Launcher Type: SUN_STANDARD

[Global flags]
     intx CICompilerCount                          = 4                                         {product} {ergonomic}
     uint ConcGCThreads                            = 2                                         {product} {ergonomic}
     uint G1ConcRefinementThreads                  = 8                                         {product} {ergonomic}
   size_t G1HeapRegionSize                         = 1048576                                   {product} {ergonomic}
    uintx GCDrainStackTargetSize                   = 64                                        {product} {ergonomic}
   size_t InitialHeapSize                          = 134217728                                 {product} {ergonomic}
     bool ManagementServer                         = true                                      {product} {command line}
   size_t MarkStackSize                            = 4194304                                   {product} {ergonomic}
   size_t MaxHeapSize                              = 2118123520                                {product} {ergonomic}
   size_t MaxNewSize                               = 1270874112                                {product} {ergonomic}
   size_t MinHeapDeltaBytes                        = 1048576                                   {product} {ergonomic}
   size_t MinHeapSize                              = 8388608                                   {product} {ergonomic}
    uintx NonNMethodCodeHeapSize                   = 7549744                                {pd product} {ergonomic}
    uintx NonProfiledCodeHeapSize                  = 244108496                              {pd product} {ergonomic}
    uintx ProfiledCodeHeapSize                     = 0                                      {pd product} {ergonomic}
    uintx ReservedCodeCacheSize                    = 251658240                              {pd product} {ergonomic}
     bool SegmentedCodeCache                       = true                                      {product} {ergonomic}
   size_t SoftMaxHeapSize                          = 2118123520                             {manageable} {ergonomic}
     intx TieredStopAtLevel                        = 1                                         {product} {command line}
     bool UseCompressedClassPointers               = true                           {product lp64_product} {ergonomic}
     bool UseCompressedOops                        = true                           {product lp64_product} {ergonomic}
     bool UseG1GC                                  = true                                      {product} {ergonomic}
     bool UseLargePagesIndividualAllocation        = false                                  {pd product} {ergonomic}

Logging:
Log output configuration:
 #0: stdout all=warning uptime,level,tags
 #1: stderr all=off uptime,level,tags

Environment Variables:
PATH=C:\Python39\Scripts\;C:\Python39\;C:\WINDOWS\system32;C:\WINDOWS;C:\WINDOWS\System32\Wbem;C:\WINDOWS\System32\WindowsPowerShell\v1.0\;C:\WINDOWS\System32\OpenSSH\;C:\Program Files\Git\cmd;C:\Program Files\nodejs\;C:\ProgramData\chocolatey\bin;C:\Program Files (x86)\Brackets\command;C:\Program Files (x86)\Pulse Secure\VC142.CRT\X64\;C:\Program Files (x86)\Pulse Secure\VC142.CRT\X86\;C:\Users\owner\AppData\Local\Microsoft\WindowsApps;C:\Users\owner\AppData\Local\GitHubDesktop\bin;C:\Program Files\JetBrains\PyCharm Community Edition 2020.1.4\bin;;C:\Users\owner\AppData\Local\Microsoft\WindowsApps;C:\Users\owner\AppData\Roaming\npm
USERNAME=owner
OS=Windows_NT
PROCESSOR_IDENTIFIER=Intel64 Family 6 Model 142 Stepping 12, GenuineIntel



---------------  S Y S T E M  ---------------

OS:
 Windows 10 , 64 bit Build 19041 (10.0.19041.1023)
OS uptime: 18 days 9:38 hours

CPU: total 8 (initial active 8) (4 cores per cpu, 2 threads per core) family 6 model 142 stepping 12 microcode 0xde, cx8, cmov, fxsr, ht, mmx, 3dnowpref, sse, sse2, sse3, ssse3, sse4.1, sse4.2, popcnt, lzcnt, tsc, tscinvbit, avx, avx2, aes, erms, clmul, bmi1, bmi2, adx, fma, vzeroupper, clflush, clflushopt

Memory: 4k page, system-wide physical 8072M (93M free)
TotalPageFile size 32648M (AvailPageFile size 29M)
current process WorkingSet (physical memory assigned to process): 139M, peak: 182M
current process commit charge ("private bytes"): 315M, peak: 326M

vm_info: OpenJDK 64-Bit Server VM (16+36-2231) for windows-amd64 JRE (16+36-2231), built on Feb  8 2021 11:39:36 by "mach5one" with MS VC++ 16.7 (VS2019)

END.
